SF:lib/blocs/auth_bloc/auth_bloc.dart
DA:14,3
DA:16,1
DA:17,0
DA:18,0
DA:19,0
DA:21,0
DA:24,1
DA:26,0
DA:27,0
DA:30,0
DA:31,0
DA:36,0
DA:37,0
DA:39,0
DA:41,0
DA:42,0
DA:45,0
DA:46,0
DA:50,0
DA:51,0
DA:52,0
DA:54,0
DA:58,0
DA:59,0
DA:60,0
DA:63,0
DA:64,0
DA:65,0
DA:68,0
LF:29
LH:3
end_of_record
SF:lib/blocs/auth_bloc/auth_events.dart
DA:5,4
DA:7,0
DA:16,1
DA:18,1
DA:19,2
DA:26,0
DA:28,0
DA:29,0
DA:36,0
DA:38,0
DA:39,0
DA:45,3
DA:47,0
DA:48,0
LF:14
LH:5
end_of_record
SF:lib/blocs/auth_bloc/auth_state.dart
DA:7,3
DA:9,0
DA:10,0
DA:18,1
DA:20,0
DA:21,0
DA:27,0
DA:29,0
DA:30,0
DA:36,0
DA:38,0
DA:39,0
LF:12
LH:2
end_of_record
SF:lib/repository/auth_repository.dart
DA:6,1
DA:7,1
DA:9,0
DA:15,0
DA:23,0
DA:25,0
DA:29,0
DA:32,0
DA:34,0
LF:9
LH:2
end_of_record
SF:lib/screens/otp_verfication.dart
DA:17,1
DA:19,1
DA:21,1
DA:22,1
DA:23,1
DA:24,1
DA:25,0
DA:26,0
DA:29,1
DA:30,0
DA:31,1
DA:32,1
DA:33,2
DA:34,1
DA:37,1
DA:38,1
DA:39,1
DA:41,1
DA:42,1
DA:43,1
DA:44,1
DA:49,1
DA:50,1
DA:52,1
DA:55,1
DA:58,1
DA:59,1
DA:61,3
DA:63,1
DA:66,1
DA:68,3
DA:71,1
DA:74,1
DA:78,4
DA:86,0
DA:87,0
DA:101,1
DA:104,1
DA:106,0
LF:39
LH:33
end_of_record
SF:lib/screens/login_sucess.dart
DA:4,0
DA:6,0
DA:8,0
DA:9,0
DA:10,0
DA:12,0
DA:13,0
LF:7
LH:0
end_of_record
SF:lib/main.dart
DA:13,0
DA:14,0
DA:15,0
DA:16,0
DA:24,0
DA:28,3
DA:31,1
DA:33,1
DA:34,1
DA:35,1
DA:36,3
DA:38,1
DA:40,1
DA:47,2
DA:51,1
DA:53,1
LF:16
LH:11
end_of_record
SF:lib/screens/phone_number_login.dart
DA:22,2
DA:24,2
DA:26,2
DA:28,2
DA:29,0
DA:30,0
DA:31,0
DA:36,2
DA:37,0
DA:38,0
DA:39,0
DA:40,0
DA:43,2
DA:44,0
DA:45,2
DA:46,2
DA:47,4
DA:48,2
DA:52,2
DA:53,2
DA:54,2
DA:58,2
DA:59,2
DA:60,2
DA:61,2
DA:67,2
DA:68,2
DA:69,2
DA:71,2
DA:73,2
DA:76,2
DA:79,2
DA:80,2
DA:82,6
DA:84,2
DA:87,2
DA:90,6
DA:93,2
DA:96,2
DA:97,2
DA:98,2
DA:99,2
DA:107,2
DA:109,2
DA:113,2
DA:115,2
DA:116,2
DA:119,2
DA:121,2
DA:122,2
DA:129,2
DA:130,2
DA:135,2
DA:136,2
DA:137,2
DA:138,2
DA:141,2
DA:144,2
DA:145,2
DA:146,2
DA:147,2
DA:148,2
DA:149,2
DA:151,2
DA:158,2
DA:162,2
DA:169,2
DA:173,2
DA:180,2
DA:184,2
DA:191,2
DA:195,2
DA:196,2
DA:198,2
DA:199,2
DA:200,2
DA:211,2
DA:215,2
DA:217,1
DA:218,3
DA:219,1
DA:220,4
DA:222,1
LF:83
LH:75
end_of_record
SF:lib/firebase_options.dart
DA:18,0
DA:20,0
DA:25,0
DA:26,0
DA:28,0
DA:29,0
DA:33,0
DA:34,0
DA:38,0
DA:39,0
DA:43,0
DA:44,0
DA:49,0
LF:13
LH:0
end_of_record
SF:lib/helpers/ui_validators.dart
DA:2,1
DA:3,1
DA:6,1
DA:13,1
DA:14,2
LF:5
LH:5
end_of_record
SF:lib/screens/home_page.dart
DA:10,0
DA:12,0
DA:14,0
DA:15,0
DA:16,0
DA:17,0
DA:23,0
DA:24,0
DA:25,0
DA:26,0
DA:27,0
DA:28,0
DA:29,0
DA:30,0
DA:31,0
DA:33,0
DA:38,0
DA:40,0
DA:43,0
DA:44,0
DA:47,0
DA:48,0
DA:49,0
DA:50,0
DA:51,0
DA:52,0
DA:53,0
DA:56,0
DA:59,0
DA:60,0
DA:62,0
DA:63,0
DA:67,0
DA:68,0
DA:69,0
DA:71,0
DA:72,0
DA:73,0
DA:80,0
DA:81,0
DA:83,0
DA:86,0
DA:87,0
DA:88,0
DA:89,0
DA:90,0
DA:94,0
DA:98,0
DA:99,0
DA:101,0
DA:104,0
DA:107,0
DA:116,0
DA:118,0
DA:119,0
DA:124,0
DA:125,0
DA:130,0
DA:131,0
DA:132,0
DA:133,0
DA:134,0
DA:135,0
DA:136,0
DA:138,0
DA:145,0
DA:148,0
DA:149,0
DA:150,0
DA:152,0
DA:154,0
DA:155,0
DA:156,0
DA:158,0
DA:160,0
DA:164,0
DA:165,0
DA:167,0
DA:169,0
DA:180,0
DA:181,0
DA:182,0
DA:183,0
DA:185,0
DA:186,0
DA:187,0
DA:188,0
DA:191,0
DA:199,0
DA:200,0
DA:205,0
DA:207,0
DA:210,0
DA:211,0
DA:213,0
DA:216,0
DA:218,0
DA:219,0
DA:221,0
DA:222,0
DA:225,0
DA:227,0
DA:228,0
DA:229,0
DA:231,0
DA:232,0
DA:234,0
DA:236,0
DA:238,0
DA:239,0
DA:241,0
DA:243,0
DA:252,0
DA:254,0
DA:255,0
DA:257,0
DA:259,0
DA:261,0
DA:275,0
DA:276,0
DA:277,0
DA:278,0
DA:280,0
LF:123
LH:0
end_of_record
