SF:lib/main.dart
DA:3,0
DA:4,0
DA:8,1
DA:11,0
DA:13,0
DA:15,0
DA:16,0
DA:26,1
DA:31,0
DA:33,0
LF:10
LH:2
end_of_record
SF:lib/widgets/primary_button.dart
DA:7,1
DA:11,1
DA:16,1
DA:18,1
DA:19,1
DA:23,2
DA:24,2
DA:27,1
DA:28,1
DA:34,2
LF:10
LH:10
end_of_record
SF:lib/screens/phone_number_login.dart
DA:12,2
DA:14,2
DA:16,2
DA:17,0
DA:18,0
DA:19,0
DA:24,2
DA:25,0
DA:26,2
DA:27,2
DA:28,4
DA:29,2
DA:33,2
DA:34,2
DA:35,2
DA:39,2
DA:40,2
DA:41,2
DA:42,2
DA:48,2
DA:49,2
DA:50,2
DA:52,2
DA:54,2
DA:57,2
DA:60,2
DA:61,2
DA:63,6
DA:65,2
DA:68,2
DA:70,6
DA:73,2
DA:76,2
DA:77,2
DA:78,2
DA:79,2
DA:87,2
DA:89,2
DA:93,2
DA:95,2
DA:96,2
DA:99,2
DA:101,2
DA:102,2
DA:109,2
DA:110,2
DA:113,2
DA:116,2
DA:119,2
DA:120,2
DA:121,2
DA:122,2
DA:123,2
DA:124,2
DA:126,2
DA:132,2
DA:136,2
DA:142,2
DA:145,2
DA:151,2
DA:155,2
DA:161,2
DA:165,2
DA:166,2
DA:168,2
DA:169,2
DA:170,2
DA:180,2
DA:183,2
DA:185,0
LF:70
LH:65
end_of_record
SF:lib/main.dart
DA:5,0
DA:6,0
DA:10,2
DA:13,1
DA:15,1
DA:17,1
DA:24,1
DA:29,1
DA:31,1
LF:9
LH:7
end_of_record
SF:lib/main.dart
DA:3,0
DA:4,0
DA:8,1
DA:10,0
DA:12,0
DA:14,0
DA:15,0
DA:24,1
DA:29,0
DA:31,0
LF:10
LH:2
end_of_record
SF:lib/main.dart
DA:3,0
DA:4,0
DA:8,1
DA:11,0
DA:13,0
DA:15,0
DA:16,0
DA:25,1
DA:30,0
DA:32,0
LF:10
LH:2
end_of_record
